;;; 
Export: Release 19.0.0.0.0 - Production on Sun Aug 3 11:04:53 2025
Version 19.3.0.0.0

Copyright (c) 1982, 2019, Oracle and/or its affiliates.  All rights reserved.
;;; 
Connected to: Oracle Database 19c Enterprise Edition Release 19.0.0.0.0 - Production
Starting "WASA_MMS_2"."SYS_EXPORT_SCHEMA_01":  WASA_MMS_2/********@103.93.32.159:1521/orclpdb DIRECTORY=exp_dir DUMPFILE=wasa_mms_2_backup.dmp LOGFILE=wasa_mms_2_backup.log SCHEMAS=WASA_MMS_2 
Processing object type SCHEMA_EXPORT/TABLE/TABLE_DATA
Processing object type SCHEMA_EXPORT/TABLE/INDEX/STATISTICS/INDEX_STATISTICS
Processing object type SCHEMA_EXPORT/TABLE/STATISTICS/TABLE_STATISTICS
Processing object type SCHEMA_EXPORT/STATISTICS/MARKER
Processing object type SCHEMA_EXPORT/PRE_SCHEMA/PROCACT_SCHEMA
Processing object type SCHEMA_EXPORT/SEQUENCE/SEQUENCE
Processing object type SCHEMA_EXPORT/TABLE/TABLE
Processing object type SCHEMA_EXPORT/TABLE/COMMENT
Processing object type SCHEMA_EXPORT/TABLE/IDENTITY_COLUMN
Processing object type SCHEMA_EXPORT/TABLE/INDEX/INDEX
Processing object type SCHEMA_EXPORT/TABLE/CONSTRAINT/CONSTRAINT
Processing object type SCHEMA_EXPORT/TABLE/CONSTRAINT/REF_CONSTRAINT
. . exported "WASA_MMS_2"."USERS"                        25.00 KB       1 rows
. . exported "WASA_MMS_2"."MENUS"                        12.49 KB      32 rows
. . exported "WASA_MMS_2"."STOCK_ITEM"                   10.56 KB       1 rows
. . exported "WASA_MMS_2"."OFFICE"                           9 KB      12 rows
. . exported "WASA_MMS_2"."ASSIGN_DESIGNATION"           8.976 KB       4 rows
. . exported "WASA_MMS_2"."MODULES"                      8.804 KB       8 rows
. . exported "WASA_MMS_2"."METER_UNIT_SETUP"             8.585 KB       6 rows
. . exported "WASA_MMS_2"."APPLICATION_TYPE"             8.539 KB       4 rows
. . exported "WASA_MMS_2"."DESIGNATION"                  8.093 KB       4 rows
. . exported "WASA_MMS_2"."METER_CONDITION"              8.031 KB       4 rows
. . exported "WASA_MMS_2"."OFFICE_TYPE"                  7.984 KB       3 rows
. . exported "WASA_MMS_2"."USER_TYPE"                    7.101 KB       3 rows
. . exported "WASA_MMS_2"."APPLICATION_FORWARDING"           0 KB       0 rows
. . exported "WASA_MMS_2"."APPLICATION_METER_DIVISION_FORWARDING"      0 KB       0 rows
. . exported "WASA_MMS_2"."CENTRAL_STOCK_COUNT"              0 KB       0 rows
. . exported "WASA_MMS_2"."CENTRAL_STORE_STOCK"              0 KB       0 rows
. . exported "WASA_MMS_2"."CITIZEN_PROFILE"                  0 KB       0 rows
. . exported "WASA_MMS_2"."CITIZEN_ROLES"                    0 KB       0 rows
. . exported "WASA_MMS_2"."COMPLAINT_COMMENT"                0 KB       0 rows
. . exported "WASA_MMS_2"."COMPLAIN_APPLICATION"             0 KB       0 rows
. . exported "WASA_MMS_2"."FORWARDING_BEFORE_NOTE"           0 KB       0 rows
. . exported "WASA_MMS_2"."INSPECTOR_ASSIGN_HISTORY"         0 KB       0 rows
. . exported "WASA_MMS_2"."INSPECTOR_NOTE"                   0 KB       0 rows
. . exported "WASA_MMS_2"."LETTERS"                          0 KB       0 rows
. . exported "WASA_MMS_2"."MENU_PRIVILEGE"                   0 KB       0 rows
. . exported "WASA_MMS_2"."METER_STATUS"                     0 KB       0 rows
. . exported "WASA_MMS_2"."METER_TEST_REPORT"                0 KB       0 rows
. . exported "WASA_MMS_2"."PAYMENT"                          0 KB       0 rows
. . exported "WASA_MMS_2"."PORTAL_MANAGEMENT"                0 KB       0 rows
. . exported "WASA_MMS_2"."STOCK_IN"                         0 KB       0 rows
. . exported "WASA_MMS_2"."STOCK_OUT"                        0 KB       0 rows
Master table "WASA_MMS_2"."SYS_EXPORT_SCHEMA_01" successfully loaded/unloaded
******************************************************************************
Dump file set for WASA_MMS_2.SYS_EXPORT_SCHEMA_01 is:
  C:\ORACLE\DUMPS\WASA_MMS_2_BACKUP.DMP
Job "WASA_MMS_2"."SYS_EXPORT_SCHEMA_01" successfully completed at Sun Aug 3 11:07:01 2025 elapsed 0 00:01:50
